<?xml version="1.0" encoding="utf-8"?>
<coverage line-rate="0.9509000000000001" branch-rate="0.946" version="1.9" timestamp="1631903541" lines-covered="1124" lines-valid="1182" branches-covered="333" branches-valid="352">
  <sources>
    <source>/mnt/f/Development/d20/libsrd5/</source>
  </sources>
  <packages>
    <package name="libsrd5" line-rate="0.9509000000000001" branch-rate="0.946" complexity="529">
      <classes>
        <class name="srd5.Ability" filename="Ability.cs" line-rate="1" branch-rate="1" complexity="8">
          <methods>
            <method name="get_Modifier" signature="()" line-rate="1" branch-rate="1" complexity="4">
              <lines>
                <line number="6" hits="170" branch="False" />
                <line number="7" hits="171" branch="True" condition-coverage="100% (2/2)">
                  <conditions>
                    <condition number="15" type="jump" coverage="100%" />
                  </conditions>
                </line>
                <line number="8" hits="1" branch="False" />
                <line number="9" hits="170" branch="True" condition-coverage="100% (2/2)">
                  <conditions>
                    <condition number="38" type="jump" coverage="100%" />
                  </conditions>
                </line>
                <line number="10" hits="1" branch="False" />
                <line number="11" hits="168" branch="False" />
                <line number="12" hits="168" branch="False" />
                <line number="14" hits="170" branch="False" />
              </lines>
            </method>
            <method name="get_Value" signature="()" line-rate="1" branch-rate="1" complexity="1">
              <lines>
                <line number="17" hits="739" branch="False" />
              </lines>
            </method>
            <method name="get_Type" signature="()" line-rate="1" branch-rate="1" complexity="1">
              <lines>
                <line number="18" hits="162" branch="False" />
              </lines>
            </method>
            <method name="get_BaseValue" signature="()" line-rate="1" branch-rate="1" complexity="1">
              <lines>
                <line number="20" hits="166" branch="False" />
              </lines>
            </method>
            <method name=".ctor" signature="(srd5.AbilityType,System.Int32)" line-rate="1" branch-rate="1" complexity="1">
              <lines>
                <line number="22" hits="324" branch="False" />
                <line number="23" hits="162" branch="False" />
                <line number="24" hits="162" branch="False" />
                <line number="25" hits="162" branch="False" />
                <line number="26" hits="162" branch="False" />
              </lines>
            </method>
          </methods>
          <lines>
            <line number="6" hits="170" branch="False" />
            <line number="7" hits="171" branch="True" condition-coverage="100% (2/2)">
              <conditions>
                <condition number="15" type="jump" coverage="100%" />
              </conditions>
            </line>
            <line number="8" hits="1" branch="False" />
            <line number="9" hits="170" branch="True" condition-coverage="100% (2/2)">
              <conditions>
                <condition number="38" type="jump" coverage="100%" />
              </conditions>
            </line>
            <line number="10" hits="1" branch="False" />
            <line number="11" hits="168" branch="False" />
            <line number="12" hits="168" branch="False" />
            <line number="14" hits="170" branch="False" />
            <line number="17" hits="739" branch="False" />
            <line number="18" hits="162" branch="False" />
            <line number="20" hits="166" branch="False" />
            <line number="22" hits="324" branch="False" />
            <line number="23" hits="162" branch="False" />
            <line number="24" hits="162" branch="False" />
            <line number="25" hits="162" branch="False" />
            <line number="26" hits="162" branch="False" />
          </lines>
        </class>
        <class name="srd5.Coord" filename="Battleground.cs" line-rate="1" branch-rate="1" complexity="3">
          <methods>
            <method name="Distance" signature="(srd5.Location)" line-rate="1" branch-rate="1" complexity="2">
              <lines>
                <line number="19" hits="7" branch="False" />
                <line number="20" hits="8" branch="True" condition-coverage="100% (2/2)">
                  <conditions>
                    <condition number="17" type="jump" coverage="100%" />
                  </conditions>
                </line>
                <line number="21" hits="6" branch="False" />
                <line number="22" hits="6" branch="False" />
                <line number="23" hits="6" branch="False" />
                <line number="24" hits="6" branch="False" />
                <line number="25" hits="6" branch="False" />
                <line number="26" hits="6" branch="False" />
              </lines>
            </method>
            <method name=".ctor" signature="(System.Int32,System.Int32)" line-rate="1" branch-rate="1" complexity="1">
              <lines>
                <line number="14" hits="14" branch="False" />
                <line number="15" hits="7" branch="False" />
                <line number="16" hits="7" branch="False" />
                <line number="17" hits="7" branch="False" />
              </lines>
            </method>
          </methods>
          <lines>
            <line number="19" hits="7" branch="False" />
            <line number="20" hits="8" branch="True" condition-coverage="100% (2/2)">
              <conditions>
                <condition number="17" type="jump" coverage="100%" />
              </conditions>
            </line>
            <line number="21" hits="6" branch="False" />
            <line number="22" hits="6" branch="False" />
            <line number="23" hits="6" branch="False" />
            <line number="24" hits="6" branch="False" />
            <line number="25" hits="6" branch="False" />
            <line number="26" hits="6" branch="False" />
            <line number="14" hits="14" branch="False" />
            <line number="15" hits="7" branch="False" />
            <line number="16" hits="7" branch="False" />
            <line number="17" hits="7" branch="False" />
          </lines>
        </class>
        <class name="srd5.ClassicLocation" filename="Battleground.cs" line-rate="1" branch-rate="0.875" complexity="10">
          <methods>
            <method name="get_Location" signature="()" line-rate="1" branch-rate="1" complexity="1">
              <lines>
                <line number="39" hits="15" branch="False" />
              </lines>
            </method>
            <method name="Distance" signature="(srd5.Location)" line-rate="1" branch-rate="0.875" complexity="8">
              <lines>
                <line number="45" hits="6" branch="False" />
                <line number="46" hits="6" branch="True" condition-coverage="50% (1/2)">
                  <conditions>
                    <condition number="15" type="jump" coverage="50%" />
                  </conditions>
                </line>
                <line number="47" hits="6" branch="False" />
                <line number="48" hits="8" branch="True" condition-coverage="100% (2/2)">
                  <conditions>
                    <condition number="46" type="jump" coverage="100%" />
                  </conditions>
                </line>
                <line number="49" hits="2" branch="True" condition-coverage="100% (2/2)">
                  <conditions>
                    <condition number="60" type="jump" coverage="100%" />
                  </conditions>
                </line>
                <line number="50" hits="1" branch="False" />
                <line number="52" hits="1" branch="False" />
                <line number="53" hits="4" branch="False" />
                <line number="54" hits="4" branch="True" condition-coverage="100% (2/2)">
                  <conditions>
                    <condition number="87" type="jump" coverage="100%" />
                  </conditions>
                </line>
                <line number="55" hits="3" branch="False" />
                <line number="57" hits="1" branch="False" />
                <line number="59" hits="6" branch="False" />
              </lines>
            </method>
            <method name=".ctor" signature="(srd5.ClassicLocation/Row)" line-rate="1" branch-rate="1" complexity="1">
              <lines>
                <line number="41" hits="6" branch="False" />
                <line number="42" hits="3" branch="False" />
                <line number="43" hits="3" branch="False" />
              </lines>
            </method>
          </methods>
          <lines>
            <line number="39" hits="15" branch="False" />
            <line number="45" hits="6" branch="False" />
            <line number="46" hits="6" branch="True" condition-coverage="50% (1/2)">
              <conditions>
                <condition number="15" type="jump" coverage="50%" />
              </conditions>
            </line>
            <line number="47" hits="6" branch="False" />
            <line number="48" hits="8" branch="True" condition-coverage="100% (2/2)">
              <conditions>
                <condition number="46" type="jump" coverage="100%" />
              </conditions>
            </line>
            <line number="49" hits="2" branch="True" condition-coverage="100% (2/2)">
              <conditions>
                <condition number="60" type="jump" coverage="100%" />
              </conditions>
            </line>
            <line number="50" hits="1" branch="False" />
            <line number="52" hits="1" branch="False" />
            <line number="53" hits="4" branch="False" />
            <line number="54" hits="4" branch="True" condition-coverage="100% (2/2)">
              <conditions>
                <condition number="87" type="jump" coverage="100%" />
              </conditions>
            </line>
            <line number="55" hits="3" branch="False" />
            <line number="57" hits="1" branch="False" />
            <line number="59" hits="6" branch="False" />
            <line number="41" hits="6" branch="False" />
            <line number="42" hits="3" branch="False" />
            <line number="43" hits="3" branch="False" />
          </lines>
        </class>
        <class name="srd5.ReverseComparer" filename="Battleground.cs" line-rate="1" branch-rate="1" complexity="1">
          <methods>
            <method name="System.Collections.IComparer.Compare" signature="(System.Object,System.Object)" line-rate="1" branch-rate="1" complexity="1">
              <lines>
                <line number="63" hits="5" branch="False" />
                <line number="64" hits="5" branch="False" />
                <line number="65" hits="5" branch="False" />
              </lines>
            </method>
          </methods>
          <lines>
            <line number="63" hits="5" branch="False" />
            <line number="64" hits="5" branch="False" />
            <line number="65" hits="5" branch="False" />
          </lines>
        </class>
        <class name="srd5.Battleground2D" filename="Battleground.cs" line-rate="1" branch-rate="1" complexity="10">
          <methods>
            <method name="get_Tiles" signature="()" line-rate="1" branch-rate="1" complexity="1">
              <lines>
                <line number="69" hits="12528" branch="False" />
              </lines>
            </method>
            <method name="Initialize" signature="()" line-rate="1" branch-rate="1" complexity="1">
              <lines>
                <line number="81" hits="4" branch="False" />
                <line number="82" hits="4" branch="False" />
                <line number="83" hits="4" branch="False" />
                <line number="84" hits="4" branch="False" />
                <line number="85" hits="4" branch="False" />
              </lines>
            </method>
            <method name="LocateCombattant" signature="(srd5.Combattant)" line-rate="1" branch-rate="1" complexity="1">
              <lines>
                <line number="87" hits="12" branch="False" />
                <line number="88" hits="12" branch="False" />
                <line number="89" hits="12" branch="False" />
              </lines>
            </method>
            <method name="LocateCombattant2D" signature="(srd5.Combattant)" line-rate="1" branch-rate="1" complexity="1">
              <lines>
                <line number="91" hits="7" branch="False" />
                <line number="92" hits="7" branch="False" />
                <line number="93" hits="7" branch="False" />
              </lines>
            </method>
            <method name="AddCombattant" signature="(srd5.Combattant,System.Int32,System.Int32)" line-rate="1" branch-rate="1" complexity="1">
              <lines>
                <line number="95" hits="5" branch="False" />
                <line number="96" hits="5" branch="False" />
                <line number="97" hits="5" branch="False" />
                <line number="98" hits="5" branch="False" />
              </lines>
            </method>
            <method name="SetCurrentLocation" signature="(srd5.Location)" line-rate="1" branch-rate="1" complexity="1">
              <lines>
                <line number="100" hits="1" branch="False" />
                <line number="101" hits="1" branch="False" />
                <line number="102" hits="1" branch="False" />
              </lines>
            </method>
            <method name=".ctor" signature="(System.Int32,System.Int32)" line-rate="1" branch-rate="1" complexity="4">
              <lines>
                <line number="70" hits="3" branch="False" />
                <line number="72" hits="6" branch="False" />
                <line number="73" hits="3" branch="False" />
                <line number="74" hits="471" branch="True" condition-coverage="100% (2/2)">
                  <conditions>
                    <condition number="86" type="jump" coverage="100%" />
                  </conditions>
                </line>
                <line number="75" hits="37885" branch="True" condition-coverage="100% (2/2)">
                  <conditions>
                    <condition number="73" type="jump" coverage="100%" />
                  </conditions>
                </line>
                <line number="76" hits="12525" branch="False" />
                <line number="77" hits="12525" branch="False" />
                <line number="78" hits="155" branch="False" />
                <line number="79" hits="3" branch="False" />
              </lines>
            </method>
          </methods>
          <lines>
            <line number="69" hits="12528" branch="False" />
            <line number="81" hits="4" branch="False" />
            <line number="82" hits="4" branch="False" />
            <line number="83" hits="4" branch="False" />
            <line number="84" hits="4" branch="False" />
            <line number="85" hits="4" branch="False" />
            <line number="87" hits="12" branch="False" />
            <line number="88" hits="12" branch="False" />
            <line number="89" hits="12" branch="False" />
            <line number="91" hits="7" branch="False" />
            <line number="92" hits="7" branch="False" />
            <line number="93" hits="7" branch="False" />
            <line number="95" hits="5" branch="False" />
            <line number="96" hits="5" branch="False" />
            <line number="97" hits="5" branch="False" />
            <line number="98" hits="5" branch="False" />
            <line number="100" hits="1" branch="False" />
            <line number="101" hits="1" branch="False" />
            <line number="102" hits="1" branch="False" />
            <line number="70" hits="3" branch="False" />
            <line number="72" hits="6" branch="False" />
            <line number="73" hits="3" branch="False" />
            <line number="74" hits="471" branch="True" condition-coverage="100% (2/2)">
              <conditions>
                <condition number="86" type="jump" coverage="100%" />
              </conditions>
            </line>
            <line number="75" hits="37885" branch="True" condition-coverage="100% (2/2)">
              <conditions>
                <condition number="73" type="jump" coverage="100%" />
              </conditions>
            </line>
            <line number="76" hits="12525" branch="False" />
            <line number="77" hits="12525" branch="False" />
            <line number="78" hits="155" branch="False" />
            <line number="79" hits="3" branch="False" />
          </lines>
        </class>
        <class name="srd5.Battleground" filename="Battleground.cs" line-rate="0.9702" branch-rate="0.8636" complexity="47">
          <methods>
            <method name="get_Turn" signature="()" line-rate="1" branch-rate="1" complexity="1">
              <lines>
                <line number="115" hits="17" branch="False" />
              </lines>
            </method>
            <method name="get_CurrentCombattant" signature="()" line-rate="1" branch-rate="1" complexity="1">
              <lines>
                <line number="118" hits="24" branch="False" />
                <line number="119" hits="24" branch="False" />
                <line number="120" hits="24" branch="False" />
              </lines>
            </method>
            <method name="Initialize" signature="()" line-rate="1" branch-rate="1" complexity="2">
              <lines>
                <line number="126" hits="4" branch="False" />
                <line number="127" hits="5" branch="True" condition-coverage="100% (2/2)">
                  <conditions>
                    <condition number="12" type="jump" coverage="100%" />
                  </conditions>
                </line>
                <line number="129" hits="3" branch="False" />
                <line number="130" hits="3" branch="False" />
                <line number="131" hits="3" branch="False" />
                <line number="132" hits="3" branch="False" />
                <line number="133" hits="3" branch="False" />
                <line number="134" hits="3" branch="False" />
                <line number="135" hits="4" branch="False" />
              </lines>
            </method>
            <method name="NextCombattant" signature="()" line-rate="1" branch-rate="1" complexity="2">
              <lines>
                <line number="137" hits="3" branch="False" />
                <line number="138" hits="3" branch="False" />
                <line number="139" hits="3" branch="False" />
                <line number="140" hits="3" branch="True" condition-coverage="100% (2/2)">
                  <conditions>
                    <condition number="47" type="jump" coverage="100%" />
                  </conditions>
                </line>
                <line number="141" hits="2" branch="False" />
                <line number="142" hits="3" branch="False" />
                <line number="143" hits="3" branch="False" />
                <line number="144" hits="3" branch="False" />
              </lines>
            </method>
            <method name="AddCombattant" signature="(srd5.Combattant)" line-rate="1" branch-rate="1" complexity="2">
              <lines>
                <line number="146" hits="5" branch="False" />
                <line number="147" hits="5" branch="True" condition-coverage="100% (2/2)">
                  <conditions>
                    <condition number="21" type="jump" coverage="100%" />
                  </conditions>
                </line>
                <line number="148" hits="5" branch="False" />
                <line number="149" hits="5" branch="False" />
                <line number="150" hits="5" branch="False" />
              </lines>
            </method>
            <method name="NextPhase" signature="()" line-rate="1" branch-rate="1" complexity="6">
              <lines>
                <line number="152" hits="7" branch="False" />
                <line number="153" hits="7" branch="True" condition-coverage="100% (4/4)">
                  <conditions>
                    <condition number="11" type="switch" coverage="100%" />
                  </conditions>
                </line>
                <line number="155" hits="3" branch="False" />
                <line number="156" hits="3" branch="False" />
                <line number="157" hits="3" branch="False" />
                <line number="159" hits="3" branch="True" condition-coverage="100% (2/2)">
                  <conditions>
                    <condition number="62" type="jump" coverage="100%" />
                  </conditions>
                </line>
                <line number="160" hits="1" branch="False" />
                <line number="162" hits="2" branch="False" />
                <line number="163" hits="3" branch="False" />
                <line number="165" hits="1" branch="False" />
                <line number="166" hits="1" branch="False" />
                <line number="168" hits="7" branch="False" />
              </lines>
            </method>
            <method name="MoveAction" signature="(srd5.Location)" line-rate="1" branch-rate="0.75" complexity="4">
              <lines>
                <line number="170" hits="2" branch="False" />
                <line number="171" hits="2" branch="True" condition-coverage="50% (1/2)">
                  <conditions>
                    <condition number="7" type="jump" coverage="50%" />
                  </conditions>
                </line>
                <line number="172" hits="2" branch="False" />
                <line number="173" hits="3" branch="True" condition-coverage="100% (2/2)">
                  <conditions>
                    <condition number="50" type="jump" coverage="100%" />
                  </conditions>
                </line>
                <line number="174" hits="1" branch="False" />
                <line number="175" hits="1" branch="False" />
                <line number="176" hits="1" branch="False" />
                <line number="177" hits="2" branch="False" />
              </lines>
            </method>
            <method name="MeleeAttackAction" signature="(srd5.Combattant)" line-rate="1" branch-rate="0.8" complexity="10">
              <lines>
                <line number="179" hits="4" branch="False" />
                <line number="180" hits="5" branch="True" condition-coverage="100% (2/2)">
                  <conditions>
                    <condition number="12" type="jump" coverage="100%" />
                  </conditions>
                </line>
                <line number="181" hits="3" branch="True" condition-coverage="50% (1/2)">
                  <conditions>
                    <condition number="24" type="jump" coverage="50%" />
                  </conditions>
                </line>
                <line number="182" hits="3" branch="True" condition-coverage="50% (1/2)">
                  <conditions>
                    <condition number="50" type="jump" coverage="50%" />
                  </conditions>
                </line>
                <line number="183" hits="3" branch="False" />
                <line number="184" hits="3" branch="True" condition-coverage="100% (2/2)">
                  <conditions>
                    <condition number="78" type="jump" coverage="100%" />
                  </conditions>
                </line>
                <line number="185" hits="2" branch="False" />
                <line number="187" hits="1" branch="False" />
                <line number="188" hits="6" branch="True" condition-coverage="100% (2/2)">
                  <conditions>
                    <condition number="103" type="jump" coverage="100%" />
                  </conditions>
                </line>
                <line number="189" hits="3" branch="False" />
                <line number="190" hits="4" branch="False" />
              </lines>
            </method>
            <method name="doBonusMeleeAttack" signature="(srd5.Combattant)" line-rate="1" branch-rate="0.5" complexity="2">
              <lines>
                <line number="192" hits="1" branch="False" />
                <line number="193" hits="1" branch="False" />
                <line number="194" hits="1" branch="False" />
                <line number="195" hits="1" branch="False" />
                <line number="196" hits="1" branch="True" condition-coverage="50% (1/2)">
                  <conditions>
                    <condition number="51" type="jump" coverage="50%" />
                  </conditions>
                </line>
                <line number="197" hits="1" branch="False" />
                <line number="198" hits="1" branch="False" />
                <line number="199" hits="1" branch="False" />
                <line number="200" hits="1" branch="False" />
              </lines>
            </method>
            <method name="doFullMeleeAttack" signature="(srd5.Combattant)" line-rate="0.909" branch-rate="1" complexity="4">
              <lines>
                <line number="202" hits="2" branch="False" />
                <line number="203" hits="2" branch="False" />
                <line number="204" hits="2" branch="False" />
                <line number="205" hits="15" branch="True" condition-coverage="100% (2/2)">
                  <conditions>
                    <condition number="90" type="jump" coverage="100%" />
                  </conditions>
                </line>
                <line number="206" hits="3" branch="True" condition-coverage="100% (2/2)">
                  <conditions>
                    <condition number="65" type="jump" coverage="100%" />
                  </conditions>
                </line>
                <line number="207" hits="0" branch="False" />
                <line number="208" hits="3" branch="False" />
                <line number="209" hits="3" branch="False" />
                <line number="210" hits="3" branch="False" />
                <line number="211" hits="2" branch="False" />
                <line number="212" hits="2" branch="False" />
              </lines>
            </method>
            <method name="doAttack" signature="(srd5.Attack,srd5.Combattant)" line-rate="0.8946999999999999" branch-rate="0.8332999999999999" complexity="12">
              <lines>
                <line number="214" hits="4" branch="False" />
                <line number="215" hits="4" branch="False" />
                <line number="216" hits="4" branch="False" />
                <line number="217" hits="4" branch="False" />
                <line number="218" hits="4" branch="True" condition-coverage="100% (2/2)">
                  <conditions>
                    <condition number="32" type="jump" coverage="100%" />
                  </conditions>
                </line>
                <line number="219" hits="4" branch="False" />
                <line number="220" hits="5" branch="True" condition-coverage="100% (4/4)">
                  <conditions>
                    <condition number="49" type="jump" coverage="100%" />
                    <condition number="67" type="jump" coverage="100%" />
                  </conditions>
                </line>
                <line number="221" hits="3" branch="False" />
                <line number="222" hits="4" branch="True" condition-coverage="100% (2/2)">
                  <conditions>
                    <condition number="82" type="jump" coverage="100%" />
                  </conditions>
                </line>
                <line number="223" hits="1" branch="False" />
                <line number="224" hits="1" branch="True" condition-coverage="50% (1/2)">
                  <conditions>
                    <condition number="120" type="jump" coverage="50%" />
                  </conditions>
                </line>
                <line number="225" hits="0" branch="False" />
                <line number="226" hits="3" branch="False" />
                <line number="227" hits="2" branch="False" />
                <line number="228" hits="2" branch="True" condition-coverage="50% (1/2)">
                  <conditions>
                    <condition number="186" type="jump" coverage="50%" />
                  </conditions>
                </line>
                <line number="229" hits="0" branch="False" />
                <line number="230" hits="2" branch="False" />
                <line number="231" hits="3" branch="False" />
                <line number="232" hits="4" branch="False" />
              </lines>
            </method>
            <method name=".ctor" signature="()" line-rate="1" branch-rate="1" complexity="1">
              <lines>
                <line number="113" hits="3" branch="False" />
                <line number="116" hits="3" branch="False" />
                <line number="122" hits="3" branch="False" />
                <line number="123" hits="3" branch="False" />
                <line number="124" hits="3" branch="False" />
              </lines>
            </method>
          </methods>
          <lines>
            <line number="115" hits="17" branch="False" />
            <line number="118" hits="24" branch="False" />
            <line number="119" hits="24" branch="False" />
            <line number="120" hits="24" branch="False" />
            <line number="126" hits="4" branch="False" />
            <line number="127" hits="5" branch="True" condition-coverage="100% (2/2)">
              <conditions>
                <condition number="12" type="jump" coverage="100%" />
              </conditions>
            </line>
            <line number="129" hits="3" branch="False" />
            <line number="130" hits="3" branch="False" />
            <line number="131" hits="3" branch="False" />
            <line number="132" hits="3" branch="False" />
            <line number="133" hits="3" branch="False" />
            <line number="134" hits="3" branch="False" />
            <line number="135" hits="4" branch="False" />
            <line number="137" hits="3" branch="False" />
            <line number="138" hits="3" branch="False" />
            <line number="139" hits="3" branch="False" />
            <line number="140" hits="3" branch="True" condition-coverage="100% (2/2)">
              <conditions>
                <condition number="47" type="jump" coverage="100%" />
              </conditions>
            </line>
            <line number="141" hits="2" branch="False" />
            <line number="142" hits="3" branch="False" />
            <line number="143" hits="3" branch="False" />
            <line number="144" hits="3" branch="False" />
            <line number="146" hits="5" branch="False" />
            <line number="147" hits="5" branch="True" condition-coverage="100% (2/2)">
              <conditions>
                <condition number="21" type="jump" coverage="100%" />
              </conditions>
            </line>
            <line number="148" hits="5" branch="False" />
            <line number="149" hits="5" branch="False" />
            <line number="150" hits="5" branch="False" />
            <line number="152" hits="7" branch="False" />
            <line number="153" hits="7" branch="True" condition-coverage="100% (4/4)">
              <conditions>
                <condition number="11" type="switch" coverage="100%" />
              </conditions>
            </line>
            <line number="155" hits="3" branch="False" />
            <line number="156" hits="3" branch="False" />
            <line number="157" hits="3" branch="False" />
            <line number="159" hits="3" branch="True" condition-coverage="100% (2/2)">
              <conditions>
                <condition number="62" type="jump" coverage="100%" />
              </conditions>
            </line>
            <line number="160" hits="1" branch="False" />
            <line number="162" hits="2" branch="False" />
            <line number="163" hits="3" branch="False" />
            <line number="165" hits="1" branch="False" />
            <line number="166" hits="1" branch="False" />
            <line number="168" hits="7" branch="False" />
            <line number="170" hits="2" branch="False" />
            <line number="171" hits="2" branch="True" condition-coverage="50% (1/2)">
              <conditions>
                <condition number="7" type="jump" coverage="50%" />
              </conditions>
            </line>
            <line number="172" hits="2" branch="False" />
            <line number="173" hits="3" branch="True" condition-coverage="100% (2/2)">
              <conditions>
                <condition number="50" type="jump" coverage="100%" />
              </conditions>
            </line>
            <line number="174" hits="1" branch="False" />
            <line number="175" hits="1" branch="False" />
            <line number="176" hits="1" branch="False" />
            <line number="177" hits="2" branch="False" />
            <line number="179" hits="4" branch="False" />
            <line number="180" hits="5" branch="True" condition-coverage="100% (2/2)">
              <conditions>
                <condition number="12" type="jump" coverage="100%" />
              </conditions>
            </line>
            <line number="181" hits="3" branch="True" condition-coverage="50% (1/2)">
              <conditions>
                <condition number="24" type="jump" coverage="50%" />
              </conditions>
            </line>
            <line number="182" hits="3" branch="True" condition-coverage="50% (1/2)">
              <conditions>
                <condition number="50" type="jump" coverage="50%" />
              </conditions>
            </line>
            <line number="183" hits="3" branch="False" />
            <line number="184" hits="3" branch="True" condition-coverage="100% (2/2)">
              <conditions>
                <condition number="78" type="jump" coverage="100%" />
              </conditions>
            </line>
            <line number="185" hits="2" branch="False" />
            <line number="187" hits="1" branch="False" />
            <line number="188" hits="6" branch="True" condition-coverage="100% (2/2)">
              <conditions>
                <condition number="103" type="jump" coverage="100%" />
              </conditions>
            </line>
            <line number="189" hits="3" branch="False" />
            <line number="190" hits="4" branch="False" />
            <line number="192" hits="1" branch="False" />
            <line number="193" hits="1" branch="False" />
            <line number="194" hits="1" branch="False" />
            <line number="195" hits="1" branch="False" />
            <line number="196" hits="1" branch="True" condition-coverage="50% (1/2)">
              <conditions>
                <condition number="51" type="jump" coverage="50%" />
              </conditions>
            </line>
            <line number="197" hits="1" branch="False" />
            <line number="198" hits="1" branch="False" />
            <line number="199" hits="1" branch="False" />
            <line number="200" hits="1" branch="False" />
            <line number="202" hits="2" branch="False" />
            <line number="203" hits="2" branch="False" />
            <line number="204" hits="2" branch="False" />
            <line number="205" hits="15" branch="True" condition-coverage="100% (2/2)">
              <conditions>
                <condition number="90" type="jump" coverage="100%" />
              </conditions>
            </line>
            <line number="206" hits="3" branch="True" condition-coverage="100% (2/2)">
              <conditions>
                <condition number="65" type="jump" coverage="100%" />
              </conditions>
            </line>
            <line number="207" hits="0" branch="False" />
            <line number="208" hits="3" branch="False" />
            <line number="209" hits="3" branch="False" />
            <line number="210" hits="3" branch="False" />
            <line number="211" hits="2" branch="False" />
            <line number="212" hits="2" branch="False" />
            <line number="214" hits="4" branch="False" />
            <line number="215" hits="4" branch="False" />
            <line number="216" hits="4" branch="False" />
            <line number="217" hits="4" branch="False" />
            <line number="218" hits="4" branch="True" condition-coverage="100% (2/2)">
              <conditions>
                <condition number="32" type="jump" coverage="100%" />
              </conditions>
            </line>
            <line number="219" hits="4" branch="False" />
            <line number="220" hits="5" branch="True" condition-coverage="100% (4/4)">
              <conditions>
                <condition number="49" type="jump" coverage="100%" />
                <condition number="67" type="jump" coverage="100%" />
              </conditions>
            </line>
            <line number="221" hits="3" branch="False" />
            <line number="222" hits="4" branch="True" condition-coverage="100% (2/2)">
              <conditions>
                <condition number="82" type="jump" coverage="100%" />
              </conditions>
            </line>
            <line number="223" hits="1" branch="False" />
            <line number="224" hits="1" branch="True" condition-coverage="50% (1/2)">
              <conditions>
                <condition number="120" type="jump" coverage="50%" />
              </conditions>
            </line>
            <line number="225" hits="0" branch="False" />
            <line number="226" hits="3" branch="False" />
            <line number="227" hits="2" branch="False" />
            <line number="228" hits="2" branch="True" condition-coverage="50% (1/2)">
              <conditions>
                <condition number="186" type="jump" coverage="50%" />
              </conditions>
            </line>
            <line number="229" hits="0" branch="False" />
            <line number="230" hits="2" branch="False" />
            <line number="231" hits="3" branch="False" />
            <line number="232" hits="4" branch="False" />
            <line number="113" hits="3" branch="False" />
            <line number="116" hits="3" branch="False" />
            <line number="122" hits="3" branch="False" />
            <line number="123" hits="3" branch="False" />
            <line number="124" hits="3" branch="False" />
          </lines>
        </class>
        <class name="srd5.CharacterClass" filename="CharacterClass.cs" line-rate="1" branch-rate="1" complexity="3">
          <methods>
            <method name="get_Class" signature="()" line-rate="1" branch-rate="1" complexity="1">
              <lines>
                <line number="5" hits="70" branch="False" />
              </lines>
            </method>
            <method name="get_HitDice" signature="()" line-rate="1" branch-rate="1" complexity="1">
              <lines>
                <line number="7" hits="71" branch="False" />
              </lines>
            </method>
            <method name="get_Proficiencies" signature="()" line-rate="1" branch-rate="1" complexity="1">
              <lines>
                <line number="9" hits="48" branch="False" />
              </lines>
            </method>
          </methods>
          <lines>
            <line number="5" hits="70" branch="False" />
            <line number="7" hits="71" branch="False" />
            <line number="9" hits="48" branch="False" />
          </lines>
        </class>
        <class name="srd5.CharacterRace" filename="CharacterRace.cs" line-rate="1" branch-rate="1" complexity="4">
          <methods>
            <method name="get_Race" signature="()" line-rate="1" branch-rate="1" complexity="1">
              <lines>
                <line number="5" hits="10" branch="False" />
              </lines>
            </method>
            <method name="get_Speed" signature="()" line-rate="1" branch-rate="1" complexity="1">
              <lines>
                <line number="6" hits="32" branch="False" />
              </lines>
            </method>
            <method name="get_RacialFeats" signature="()" line-rate="1" branch-rate="1" complexity="1">
              <lines>
                <line number="7" hits="32" branch="False" />
              </lines>
            </method>
            <method name=".ctor" signature="(srd5.Race,System.Int32,srd5.RacialFeat[])" line-rate="1" branch-rate="1" complexity="1">
              <lines>
                <line number="9" hits="18" branch="False" />
                <line number="10" hits="9" branch="False" />
                <line number="11" hits="9" branch="False" />
                <line number="12" hits="9" branch="False" />
                <line number="13" hits="9" branch="False" />
              </lines>
            </method>
          </methods>
          <lines>
            <line number="5" hits="10" branch="False" />
            <line number="6" hits="32" branch="False" />
            <line number="7" hits="32" branch="False" />
            <line number="9" hits="18" branch="False" />
            <line number="10" hits="9" branch="False" />
            <line number="11" hits="9" branch="False" />
            <line number="12" hits="9" branch="False" />
            <line number="13" hits="9" branch="False" />
          </lines>
        </class>
        <class name="srd5.CharacterLevel" filename="CharacterSheet.cs" line-rate="1" branch-rate="1" complexity="2">
          <methods>
            <method name="get_Levels" signature="()" line-rate="1" branch-rate="1" complexity="1">
              <lines>
                <line number="5" hits="77" branch="False" />
              </lines>
            </method>
            <method name="get_Class" signature="()" line-rate="1" branch-rate="1" complexity="1">
              <lines>
                <line number="6" hits="28" branch="False" />
              </lines>
            </method>
          </methods>
          <lines>
            <line number="5" hits="77" branch="False" />
            <line number="6" hits="28" branch="False" />
          </lines>
        </class>
        <class name="srd5.CharacterInventory" filename="CharacterSheet.cs" line-rate="1" branch-rate="1" complexity="8">
          <methods>
            <method name="get_MainHand" signature="()" line-rate="1" branch-rate="1" complexity="1">
              <lines>
                <line number="10" hits="185" branch="False" />
              </lines>
            </method>
            <method name="get_OffHand" signature="()" line-rate="1" branch-rate="1" complexity="1">
              <lines>
                <line number="11" hits="78" branch="False" />
              </lines>
            </method>
            <method name="get_Armor" signature="()" line-rate="1" branch-rate="1" complexity="1">
              <lines>
                <line number="12" hits="21" branch="False" />
              </lines>
            </method>
            <method name="get_Helmet" signature="()" line-rate="1" branch-rate="1" complexity="1">
              <lines>
                <line number="13" hits="3" branch="False" />
              </lines>
            </method>
            <method name="get_Amulet" signature="()" line-rate="1" branch-rate="1" complexity="1">
              <lines>
                <line number="14" hits="3" branch="False" />
              </lines>
            </method>
            <method name="get_RingRight" signature="()" line-rate="1" branch-rate="1" complexity="1">
              <lines>
                <line number="15" hits="10" branch="False" />
              </lines>
            </method>
            <method name="get_RingLeft" signature="()" line-rate="1" branch-rate="1" complexity="1">
              <lines>
                <line number="16" hits="14" branch="False" />
              </lines>
            </method>
            <method name="get_Boots" signature="()" line-rate="1" branch-rate="1" complexity="1">
              <lines>
                <line number="17" hits="5" branch="False" />
              </lines>
            </method>
          </methods>
          <lines>
            <line number="10" hits="185" branch="False" />
            <line number="11" hits="78" branch="False" />
            <line number="12" hits="21" branch="False" />
            <line number="13" hits="3" branch="False" />
            <line number="14" hits="3" branch="False" />
            <line number="15" hits="10" branch="False" />
            <line number="16" hits="14" branch="False" />
            <line number="17" hits="5" branch="False" />
          </lines>
        </class>
        <class name="srd5.CharacterSheet" filename="CharacterSheet.cs" line-rate="0.9832" branch-rate="0.9586" complexity="157">
          <methods>
            <method name="get_Race" signature="()" line-rate="1" branch-rate="1" complexity="1">
              <lines>
                <line number="21" hits="3" branch="False" />
              </lines>
            </method>
            <method name="get_Levels" signature="()" line-rate="1" branch-rate="1" complexity="1">
              <lines>
                <line number="24" hits="1" branch="False" />
                <line number="25" hits="1" branch="False" />
                <line number="26" hits="1" branch="False" />
              </lines>
            </method>
            <method name="get_Proficiencies" signature="()" line-rate="1" branch-rate="1" complexity="1">
              <lines>
                <line number="30" hits="1" branch="False" />
                <line number="31" hits="1" branch="False" />
                <line number="32" hits="1" branch="False" />
              </lines>
            </method>
            <method name="get_Feats" signature="()" line-rate="0" branch-rate="1" complexity="1">
              <lines>
                <line number="35" hits="0" branch="False" />
              </lines>
            </method>
            <method name="get_Effects" signature="()" line-rate="1" branch-rate="1" complexity="1">
              <lines>
                <line number="38" hits="1" branch="False" />
                <line number="39" hits="1" branch="False" />
                <line number="40" hits="1" branch="False" />
              </lines>
            </method>
            <method name="get_HitDiceSpent" signature="()" line-rate="1" branch-rate="1" complexity="1">
              <lines>
                <line number="44" hits="1" branch="False" />
                <line number="45" hits="1" branch="False" />
                <line number="46" hits="1" branch="False" />
              </lines>
            </method>
            <method name="get_Conditions" signature="()" line-rate="1" branch-rate="1" complexity="1">
              <lines>
                <line number="50" hits="1" branch="False" />
                <line number="51" hits="1" branch="False" />
                <line number="52" hits="1" branch="False" />
              </lines>
            </method>
            <method name="get_Inventory" signature="()" line-rate="1" branch-rate="1" complexity="1">
              <lines>
                <line number="55" hits="342" branch="False" />
              </lines>
            </method>
            <method name="get_Attacks" signature="()" line-rate="1" branch-rate="1" complexity="6">
              <lines>
                <line number="57" hits="32" branch="False" />
                <line number="58" hits="32" branch="True" condition-coverage="100% (2/2)">
                  <conditions>
                    <condition number="11" type="jump" coverage="100%" />
                  </conditions>
                </line>
                <line number="59" hits="5" branch="False" />
                <line number="60" hits="27" branch="True" condition-coverage="100% (2/2)">
                  <conditions>
                    <condition number="27" type="jump" coverage="100%" />
                  </conditions>
                </line>
                <line number="61" hits="4" branch="False" />
                <line number="62" hits="23" branch="True" condition-coverage="100% (2/2)">
                  <conditions>
                    <condition number="43" type="jump" coverage="100%" />
                  </conditions>
                </line>
                <line number="63" hits="4" branch="False" />
                <line number="65" hits="19" branch="False" />
                <line number="66" hits="32" branch="False" />
              </lines>
            </method>
            <method name="get_ArmorClass" signature="()" line-rate="1" branch-rate="1" complexity="2">
              <lines>
                <line number="69" hits="10" branch="False" />
                <line number="70" hits="10" branch="False" />
                <line number="71" hits="12" branch="True" condition-coverage="100% (2/2)">
                  <conditions>
                    <condition number="32" type="jump" coverage="100%" />
                  </conditions>
                </line>
                <line number="72" hits="2" branch="False" />
                <line number="73" hits="2" branch="False" />
                <line number="74" hits="10" branch="False" />
                <line number="75" hits="10" branch="False" />
              </lines>
            </method>
            <method name="get_HitPointsMax" signature="()" line-rate="1" branch-rate="1" complexity="4">
              <lines>
                <line number="79" hits="7" branch="False" />
                <line number="80" hits="7" branch="False" />
                <line number="81" hits="7" branch="True" condition-coverage="100% (2/2)">
                  <conditions>
                    <condition number="11" type="jump" coverage="100%" />
                  </conditions>
                </line>
                <line number="82" hits="57" branch="True" condition-coverage="100% (2/2)">
                  <conditions>
                    <condition number="73" type="jump" coverage="100%" />
                  </conditions>
                </line>
                <line number="83" hits="12" branch="False" />
                <line number="84" hits="12" branch="False" />
                <line number="85" hits="7" branch="False" />
                <line number="86" hits="7" branch="False" />
              </lines>
            </method>
            <method name="get_AttackProficiency" signature="()" line-rate="1" branch-rate="1" complexity="14">
              <lines>
                <line number="90" hits="49" branch="False" />
                <line number="91" hits="49" branch="False" />
                <line number="92" hits="49" branch="False" />
                <line number="94" hits="83" branch="True" condition-coverage="100% (4/4)">
                  <conditions>
                    <condition number="16" type="jump" coverage="100%" />
                    <condition number="35" type="jump" coverage="100%" />
                  </conditions>
                </line>
                <line number="95" hits="34" branch="False" />
                <line number="96" hits="204" branch="True" condition-coverage="100% (2/2)">
                  <conditions>
                    <condition number="85" type="jump" coverage="100%" />
                  </conditions>
                </line>
                <line number="97" hits="34" branch="False" />
                <line number="98" hits="34" branch="False" />
                <line number="99" hits="34" branch="False" />
                <line number="100" hits="34" branch="False" />
                <line number="102" hits="60" branch="True" condition-coverage="100% (2/2)">
                  <conditions>
                    <condition number="104" type="jump" coverage="100%" />
                  </conditions>
                </line>
                <line number="103" hits="11" branch="False" />
                <line number="104" hits="54" branch="True" condition-coverage="100% (2/2)">
                  <conditions>
                    <condition number="143" type="jump" coverage="100%" />
                  </conditions>
                </line>
                <line number="105" hits="5" branch="True" condition-coverage="100% (2/2)">
                  <conditions>
                    <condition number="174" type="jump" coverage="100%" />
                  </conditions>
                </line>
                <line number="106" hits="3" branch="False" />
                <line number="108" hits="2" branch="False" />
                <line number="110" hits="44" branch="True" condition-coverage="100% (2/2)">
                  <conditions>
                    <condition number="225" type="jump" coverage="100%" />
                  </conditions>
                </line>
                <line number="111" hits="6" branch="False" />
                <line number="112" hits="33" branch="False" />
                <line number="113" hits="27" branch="False" />
                <line number="114" hits="27" branch="False" />
                <line number="116" hits="49" branch="False" />
                <line number="117" hits="49" branch="False" />
              </lines>
            </method>
            <method name="Equip" signature="(srd5.Thing`1&lt;srd5.Weapon&gt;)" line-rate="1" branch-rate="0.9285" complexity="14">
              <lines>
                <line number="124" hits="18" branch="False" />
                <line number="125" hits="18" branch="False" />
                <line number="127" hits="19" branch="True" condition-coverage="75% (3/4)">
                  <conditions>
                    <condition number="25" type="jump" coverage="50%" />
                    <condition number="49" type="jump" coverage="100%" />
                  </conditions>
                </line>
                <line number="128" hits="23" branch="True" condition-coverage="100% (2/2)">
                  <conditions>
                    <condition number="66" type="jump" coverage="100%" />
                  </conditions>
                </line>
                <line number="129" hits="6" branch="False" />
                <line number="130" hits="6" branch="False" />
                <line number="131" hits="6" branch="False" />
                <line number="132" hits="23" branch="True" condition-coverage="100% (2/2)">
                  <conditions>
                    <condition number="140" type="jump" coverage="100%" />
                  </conditions>
                </line>
                <line number="133" hits="6" branch="False" />
                <line number="134" hits="13" branch="True" condition-coverage="100% (2/2)">
                  <conditions>
                    <condition number="189" type="jump" coverage="100%" />
                  </conditions>
                </line>
                <line number="135" hits="2" branch="False" />
                <line number="136" hits="2" branch="False" />
                <line number="137" hits="7" branch="True" condition-coverage="100% (4/4)">
                  <conditions>
                    <condition number="237" type="jump" coverage="100%" />
                    <condition number="253" type="jump" coverage="100%" />
                  </conditions>
                </line>
                <line number="138" hits="2" branch="False" />
                <line number="139" hits="3" branch="False" />
                <line number="140" hits="1" branch="False" />
                <line number="141" hits="1" branch="False" />
                <line number="142" hits="1" branch="False" />
                <line number="143" hits="17" branch="False" />
                <line number="144" hits="18" branch="False" />
              </lines>
            </method>
            <method name="RecalculateAttacks" signature="()" line-rate="1" branch-rate="1" complexity="14">
              <lines>
                <line number="146" hits="32" branch="False" />
                <line number="148" hits="39" branch="True" condition-coverage="100% (2/2)">
                  <conditions>
                    <condition number="17" type="jump" coverage="100%" />
                  </conditions>
                </line>
                <line number="150" hits="7" branch="False" />
                <line number="151" hits="7" branch="False" />
                <line number="152" hits="7" branch="False" />
                <line number="153" hits="7" branch="False" />
                <line number="155" hits="25" branch="False" />
                <line number="156" hits="25" branch="False" />
                <line number="157" hits="25" branch="False" />
                <line number="158" hits="26" branch="True" condition-coverage="100% (4/4)">
                  <conditions>
                    <condition number="173" type="jump" coverage="100%" />
                    <condition number="196" type="jump" coverage="100%" />
                  </conditions>
                </line>
                <line number="160" hits="1" branch="False" />
                <line number="161" hits="1" branch="False" />
                <line number="162" hits="1" branch="False" />
                <line number="163" hits="1" branch="False" />
                <line number="164" hits="1" branch="False" />
                <line number="165" hits="30" branch="True" condition-coverage="100% (2/2)">
                  <conditions>
                    <condition number="279" type="jump" coverage="100%" />
                  </conditions>
                </line>
                <line number="166" hits="5" branch="False" />
                <line number="167" hits="5" branch="False" />
                <line number="168" hits="25" branch="False" />
                <line number="169" hits="20" branch="False" />
                <line number="170" hits="20" branch="False" />
                <line number="171" hits="20" branch="False" />
                <line number="172" hits="44" branch="True" condition-coverage="100% (4/4)">
                  <conditions>
                    <condition number="388" type="jump" coverage="100%" />
                    <condition number="424" type="jump" coverage="100%" />
                  </conditions>
                </line>
                <line number="173" hits="6" branch="False" />
                <line number="174" hits="6" branch="False" />
                <line number="175" hits="6" branch="False" />
                <line number="176" hits="10" branch="True" condition-coverage="100% (2/2)">
                  <conditions>
                    <condition number="500" type="jump" coverage="100%" />
                  </conditions>
                </line>
                <line number="177" hits="6" branch="False" />
                <line number="178" hits="32" branch="False" />
              </lines>
            </method>
            <method name="calculateModifier" signature="(srd5.Weapon)" line-rate="1" branch-rate="1" complexity="6">
              <lines>
                <line number="180" hits="31" branch="False" />
                <line number="181" hits="31" branch="False" />
                <line number="182" hits="36" branch="True" condition-coverage="100% (2/2)">
                  <conditions>
                    <condition number="22" type="jump" coverage="100%" />
                  </conditions>
                </line>
                <line number="183" hits="5" branch="True" condition-coverage="100% (2/2)">
                  <conditions>
                    <condition number="41" type="jump" coverage="100%" />
                  </conditions>
                </line>
                <line number="184" hits="1" branch="False" />
                <line number="185" hits="36" branch="True" condition-coverage="100% (2/2)">
                  <conditions>
                    <condition number="67" type="jump" coverage="100%" />
                  </conditions>
                </line>
                <line number="186" hits="5" branch="False" />
                <line number="187" hits="5" branch="False" />
                <line number="188" hits="31" branch="False" />
                <line number="189" hits="31" branch="False" />
              </lines>
            </method>
            <method name="concatDamageString" signature="(System.String,System.Int32)" line-rate="1" branch-rate="1" complexity="4">
              <lines>
                <line number="191" hits="38" branch="False" />
                <line number="192" hits="38" branch="True" condition-coverage="100% (2/2)">
                  <conditions>
                    <condition number="7" type="jump" coverage="100%" />
                  </conditions>
                </line>
                <line number="193" hits="21" branch="False" />
                <line number="194" hits="17" branch="True" condition-coverage="100% (2/2)">
                  <conditions>
                    <condition number="36" type="jump" coverage="100%" />
                  </conditions>
                </line>
                <line number="195" hits="1" branch="False" />
                <line number="196" hits="16" branch="False" />
                <line number="197" hits="38" branch="False" />
              </lines>
            </method>
            <method name="Equip" signature="(srd5.Thing`1&lt;srd5.Shield&gt;)" line-rate="0.8" branch-rate="0.6666" complexity="6">
              <lines>
                <line number="199" hits="2" branch="False" />
                <line number="200" hits="2" branch="True" condition-coverage="100% (2/2)">
                  <conditions>
                    <condition number="7" type="jump" coverage="100%" />
                  </conditions>
                </line>
                <line number="201" hits="2" branch="False" />
                <line number="202" hits="2" branch="True" condition-coverage="50% (2/4)">
                  <conditions>
                    <condition number="29" type="jump" coverage="50%" />
                    <condition number="59" type="jump" coverage="50%" />
                  </conditions>
                </line>
                <line number="203" hits="0" branch="False" />
                <line number="204" hits="0" branch="False" />
                <line number="205" hits="2" branch="False" />
                <line number="206" hits="2" branch="False" />
                <line number="207" hits="2" branch="False" />
                <line number="208" hits="2" branch="False" />
              </lines>
            </method>
            <method name="Equip" signature="(srd5.Thing`1&lt;srd5.Armor&gt;)" line-rate="1" branch-rate="1" complexity="6">
              <lines>
                <line number="210" hits="3" branch="False" />
                <line number="211" hits="3" branch="True" condition-coverage="100% (2/2)">
                  <conditions>
                    <condition number="7" type="jump" coverage="100%" />
                  </conditions>
                </line>
                <line number="212" hits="3" branch="False" />
                <line number="213" hits="3" branch="False" />
                <line number="215" hits="4" branch="True" condition-coverage="100% (4/4)">
                  <conditions>
                    <condition number="50" type="jump" coverage="100%" />
                    <condition number="81" type="jump" coverage="100%" />
                  </conditions>
                </line>
                <line number="216" hits="1" branch="False" />
                <line number="217" hits="1" branch="False" />
                <line number="218" hits="3" branch="False" />
              </lines>
            </method>
            <method name="Equip" signature="(srd5.Thing`1&lt;srd5.Ring&gt;)" line-rate="1" branch-rate="1" complexity="6">
              <lines>
                <line number="220" hits="4" branch="False" />
                <line number="221" hits="4" branch="True" condition-coverage="100% (2/2)">
                  <conditions>
                    <condition number="7" type="jump" coverage="100%" />
                  </conditions>
                </line>
                <line number="222" hits="4" branch="True" condition-coverage="100% (2/2)">
                  <conditions>
                    <condition number="27" type="jump" coverage="100%" />
                  </conditions>
                </line>
                <line number="223" hits="1" branch="False" />
                <line number="224" hits="3" branch="True" condition-coverage="100% (2/2)">
                  <conditions>
                    <condition number="60" type="jump" coverage="100%" />
                  </conditions>
                </line>
                <line number="225" hits="2" branch="False" />
                <line number="226" hits="1" branch="False" />
                <line number="227" hits="1" branch="False" />
                <line number="228" hits="1" branch="False" />
                <line number="229" hits="1" branch="False" />
                <line number="230" hits="4" branch="False" />
                <line number="231" hits="4" branch="False" />
              </lines>
            </method>
            <method name="Equip" signature="(srd5.Thing`1&lt;srd5.Helmet&gt;)" line-rate="1" branch-rate="1" complexity="2">
              <lines>
                <line number="233" hits="1" branch="False" />
                <line number="234" hits="1" branch="True" condition-coverage="100% (2/2)">
                  <conditions>
                    <condition number="7" type="jump" coverage="100%" />
                  </conditions>
                </line>
                <line number="235" hits="1" branch="False" />
                <line number="236" hits="1" branch="False" />
                <line number="237" hits="1" branch="False" />
                <line number="238" hits="1" branch="False" />
              </lines>
            </method>
            <method name="Equip" signature="(srd5.Thing`1&lt;srd5.Boots&gt;)" line-rate="1" branch-rate="1" complexity="2">
              <lines>
                <line number="240" hits="1" branch="False" />
                <line number="241" hits="1" branch="True" condition-coverage="100% (2/2)">
                  <conditions>
                    <condition number="7" type="jump" coverage="100%" />
                  </conditions>
                </line>
                <line number="242" hits="1" branch="False" />
                <line number="243" hits="1" branch="False" />
                <line number="244" hits="1" branch="False" />
                <line number="245" hits="1" branch="False" />
              </lines>
            </method>
            <method name="Equip" signature="(srd5.Thing`1&lt;srd5.Amulet&gt;)" line-rate="1" branch-rate="1" complexity="2">
              <lines>
                <line number="247" hits="1" branch="False" />
                <line number="248" hits="1" branch="True" condition-coverage="100% (2/2)">
                  <conditions>
                    <condition number="7" type="jump" coverage="100%" />
                  </conditions>
                </line>
                <line number="249" hits="1" branch="False" />
                <line number="250" hits="1" branch="False" />
                <line number="251" hits="1" branch="False" />
                <line number="252" hits="1" branch="False" />
              </lines>
            </method>
            <method name="addEffects" signature="(srd5.MagicItem)" line-rate="1" branch-rate="1" complexity="2">
              <lines>
                <line number="254" hits="7" branch="False" />
                <line number="255" hits="45" branch="True" condition-coverage="100% (2/2)">
                  <conditions>
                    <condition number="35" type="jump" coverage="100%" />
                  </conditions>
                </line>
                <line number="256" hits="8" branch="False" />
                <line number="257" hits="8" branch="False" />
                <line number="258" hits="7" branch="False" />
              </lines>
            </method>
            <method name="removeEffects" signature="(srd5.MagicItem)" line-rate="1" branch-rate="1" complexity="2">
              <lines>
                <line number="260" hits="7" branch="False" />
                <line number="261" hits="45" branch="True" condition-coverage="100% (2/2)">
                  <conditions>
                    <condition number="35" type="jump" coverage="100%" />
                  </conditions>
                </line>
                <line number="262" hits="8" branch="False" />
                <line number="263" hits="8" branch="False" />
                <line number="264" hits="7" branch="False" />
              </lines>
            </method>
            <method name="Unequip" signature="(srd5.Thing`1&lt;T&gt;)" line-rate="0.9285" branch-rate="0.9047" complexity="21">
              <lines>
                <line number="266" hits="32" branch="False" />
                <line number="267" hits="50" branch="True" condition-coverage="100% (2/2)">
                  <conditions>
                    <condition number="7" type="jump" coverage="100%" />
                  </conditions>
                </line>
                <line number="268" hits="14" branch="True" condition-coverage="100% (9/9)">
                  <conditions>
                    <condition number="34" type="switch" coverage="100%" />
                  </conditions>
                </line>
                <line number="270" hits="6" branch="True" condition-coverage="50% (1/2)">
                  <conditions>
                    <condition number="95" type="jump" coverage="50%" />
                  </conditions>
                </line>
                <line number="271" hits="6" branch="False" />
                <line number="272" hits="0" branch="True" condition-coverage="50% (1/2)">
                  <conditions>
                    <condition number="133" type="jump" coverage="50%" />
                  </conditions>
                </line>
                <line number="273" hits="0" branch="False" />
                <line number="274" hits="6" branch="False" />
                <line number="276" hits="1" branch="False" />
                <line number="277" hits="1" branch="False" />
                <line number="278" hits="1" branch="False" />
                <line number="280" hits="1" branch="False" />
                <line number="281" hits="1" branch="False" />
                <line number="283" hits="6" branch="True" condition-coverage="100% (2/2)">
                  <conditions>
                    <condition number="213" type="jump" coverage="100%" />
                  </conditions>
                </line>
                <line number="284" hits="2" branch="False" />
                <line number="286" hits="6" branch="True" condition-coverage="100% (2/2)">
                  <conditions>
                    <condition number="253" type="jump" coverage="100%" />
                  </conditions>
                </line>
                <line number="287" hits="2" branch="False" />
                <line number="288" hits="2" branch="False" />
                <line number="289" hits="4" branch="False" />
                <line number="291" hits="1" branch="False" />
                <line number="292" hits="1" branch="False" />
                <line number="294" hits="1" branch="False" />
                <line number="295" hits="1" branch="False" />
                <line number="297" hits="21" branch="True" condition-coverage="100% (2/2)">
                  <conditions>
                    <condition number="325" type="jump" coverage="100%" />
                  </conditions>
                </line>
                <line number="298" hits="7" branch="False" />
                <line number="299" hits="7" branch="False" />
                <line number="300" hits="7" branch="False" />
                <line number="301" hits="32" branch="False" />
              </lines>
            </method>
            <method name="IsProficient" signature="(srd5.Proficiency)" line-rate="1" branch-rate="1" complexity="1">
              <lines>
                <line number="303" hits="157" branch="False" />
                <line number="304" hits="157" branch="False" />
                <line number="305" hits="157" branch="False" />
              </lines>
            </method>
            <method name="IsProficient" signature="(srd5.Item)" line-rate="1" branch-rate="0.8332999999999999" complexity="6">
              <lines>
                <line number="307" hits="38" branch="False" />
                <line number="308" hits="38" branch="True" condition-coverage="50% (1/2)">
                  <conditions>
                    <condition number="7" type="jump" coverage="50%" />
                  </conditions>
                </line>
                <line number="309" hits="265" branch="True" condition-coverage="100% (2/2)">
                  <conditions>
                    <condition number="58" type="jump" coverage="100%" />
                  </conditions>
                </line>
                <line number="310" hits="58" branch="True" condition-coverage="100% (2/2)">
                  <conditions>
                    <condition number="43" type="jump" coverage="100%" />
                  </conditions>
                </line>
                <line number="311" hits="23" branch="False" />
                <line number="312" hits="35" branch="False" />
                <line number="313" hits="15" branch="False" />
                <line number="314" hits="38" branch="False" />
              </lines>
            </method>
            <method name="AddLevel" signature="(srd5.CharacterClass)" line-rate="1" branch-rate="1" complexity="12">
              <lines>
                <line number="316" hits="27" branch="False" />
                <line number="317" hits="27" branch="False" />
                <line number="318" hits="27" branch="True" condition-coverage="100% (2/2)">
                  <conditions>
                    <condition number="22" type="jump" coverage="100%" />
                  </conditions>
                </line>
                <line number="319" hits="116" branch="True" condition-coverage="100% (2/2)">
                  <conditions>
                    <condition number="166" type="jump" coverage="100%" />
                  </conditions>
                </line>
                <line number="320" hits="33" branch="True" condition-coverage="100% (2/2)">
                  <conditions>
                    <condition number="78" type="jump" coverage="100%" />
                  </conditions>
                </line>
                <line number="321" hits="16" branch="False" />
                <line number="322" hits="16" branch="False" />
                <line number="323" hits="16" branch="False" />
                <line number="324" hits="16" branch="False" />
                <line number="326" hits="1" branch="False" />
                <line number="327" hits="11" branch="False" />
                <line number="328" hits="11" branch="False" />
                <line number="329" hits="11" branch="False" />
                <line number="330" hits="21" branch="True" condition-coverage="100% (2/2)">
                  <conditions>
                    <condition number="204" type="jump" coverage="100%" />
                  </conditions>
                </line>
                <line number="331" hits="10" branch="False" />
                <line number="332" hits="10" branch="False" />
                <line number="333" hits="11" branch="False" />
                <line number="334" hits="11" branch="False" />
                <line number="335" hits="11" branch="False" />
                <line number="336" hits="327" branch="True" condition-coverage="100% (2/2)">
                  <conditions>
                    <condition number="353" type="jump" coverage="100%" />
                  </conditions>
                </line>
                <line number="337" hits="193" branch="True" condition-coverage="100% (2/2)">
                  <conditions>
                    <condition number="322" type="jump" coverage="100%" />
                  </conditions>
                </line>
                <line number="338" hits="95" branch="False" />
                <line number="339" hits="95" branch="False" />
                <line number="340" hits="98" branch="False" />
                <line number="341" hits="27" branch="False" />
              </lines>
            </method>
            <method name="HasEffect" signature="(srd5.Effect)" line-rate="1" branch-rate="1" complexity="1">
              <lines>
                <line number="343" hits="122" branch="False" />
                <line number="344" hits="122" branch="False" />
                <line number="345" hits="122" branch="False" />
              </lines>
            </method>
            <method name="AddProficiency" signature="(srd5.Proficiency)" line-rate="1" branch-rate="1" complexity="1">
              <lines>
                <line number="347" hits="25" branch="False" />
                <line number="348" hits="25" branch="False" />
                <line number="349" hits="25" branch="False" />
              </lines>
            </method>
            <method name="SetRace" signature="(srd5.CharacterRace)" line-rate="1" branch-rate="1" complexity="2">
              <lines>
                <line number="351" hits="23" branch="False" />
                <line number="352" hits="23" branch="False" />
                <line number="353" hits="159" branch="True" condition-coverage="100% (2/2)">
                  <conditions>
                    <condition number="42" type="jump" coverage="100%" />
                  </conditions>
                </line>
                <line number="354" hits="30" branch="False" />
                <line number="355" hits="30" branch="False" />
                <line number="356" hits="23" branch="False" />
                <line number="357" hits="23" branch="False" />
              </lines>
            </method>
            <method name="AddFeat" signature="(srd5.Feat)" line-rate="1" branch-rate="1" complexity="2">
              <lines>
                <line number="359" hits="30" branch="False" />
                <line number="360" hits="30" branch="True" condition-coverage="100% (2/2)">
                  <conditions>
                    <condition number="15" type="jump" coverage="100%" />
                  </conditions>
                </line>
                <line number="361" hits="30" branch="False" />
                <line number="362" hits="30" branch="False" />
              </lines>
            </method>
            <method name="AddEffect" signature="(srd5.Effect)" line-rate="1" branch-rate="1" complexity="2">
              <lines>
                <line number="364" hits="41" branch="False" />
                <line number="365" hits="41" branch="False" />
                <line number="366" hits="41" branch="True" condition-coverage="100% (2/2)">
                  <conditions>
                    <condition number="17" type="jump" coverage="100%" />
                  </conditions>
                </line>
                <line number="367" hits="40" branch="False" />
                <line number="368" hits="41" branch="False" />
              </lines>
            </method>
            <method name="RemoveEffect" signature="(srd5.Effect)" line-rate="1" branch-rate="1" complexity="4">
[...]
          <methods>
            <method name=".cctor" signature="()" line-rate="1" branch-rate="1" complexity="1">
              <lines>
                <line number="111" hits="1" branch="False" />
              </lines>
            </method>
          </methods>
          <lines>
            <line number="111" hits="1" branch="False" />
          </lines>
        </class>
        <class name="srd5.Armors" filename="ogl/Items.cs" line-rate="1" branch-rate="1" complexity="1">
          <methods>
            <method name=".cctor" signature="()" line-rate="1" branch-rate="1" complexity="1">
              <lines>
                <line number="115" hits="1" branch="False" />
                <line number="116" hits="1" branch="False" />
              </lines>
            </method>
          </methods>
          <lines>
            <line number="115" hits="1" branch="False" />
            <line number="116" hits="1" branch="False" />
          </lines>
        </class>
        <class name="srd5.Rings" filename="ogl/Items.cs" line-rate="1" branch-rate="1" complexity="1">
          <methods>
            <method name=".cctor" signature="()" line-rate="1" branch-rate="1" complexity="1">
              <lines>
                <line number="120" hits="1" branch="False" />
                <line number="121" hits="1" branch="False" />
              </lines>
            </method>
          </methods>
          <lines>
            <line number="120" hits="1" branch="False" />
            <line number="121" hits="1" branch="False" />
          </lines>
        </class>
        <class name="srd5.Helmets" filename="ogl/Items.cs" line-rate="1" branch-rate="1" complexity="1">
          <methods>
            <method name=".cctor" signature="()" line-rate="1" branch-rate="1" complexity="1">
              <lines>
                <line number="125" hits="1" branch="False" />
              </lines>
            </method>
          </methods>
          <lines>
            <line number="125" hits="1" branch="False" />
          </lines>
        </class>
        <class name="srd5.Amulets" filename="ogl/Items.cs" line-rate="1" branch-rate="1" complexity="1">
          <methods>
            <method name=".cctor" signature="()" line-rate="1" branch-rate="1" complexity="1">
              <lines>
                <line number="129" hits="1" branch="False" />
              </lines>
            </method>
          </methods>
          <lines>
            <line number="129" hits="1" branch="False" />
          </lines>
        </class>
        <class name="srd5.Bootss" filename="ogl/Items.cs" line-rate="1" branch-rate="1" complexity="1">
          <methods>
            <method name=".cctor" signature="()" line-rate="1" branch-rate="1" complexity="1">
              <lines>
                <line number="133" hits="1" branch="False" />
              </lines>
            </method>
          </methods>
          <lines>
            <line number="133" hits="1" branch="False" />
          </lines>
        </class>
        <class name="srd5.Attacks" filename="ogl/Monsters.cs" line-rate="1" branch-rate="1" complexity="1">
          <methods>
            <method name=".cctor" signature="()" line-rate="1" branch-rate="1" complexity="1">
              <lines>
                <line number="3" hits="1" branch="False" />
                <line number="4" hits="1" branch="False" />
                <line number="5" hits="1" branch="False" />
                <line number="6" hits="1" branch="False" />
                <line number="7" hits="1" branch="False" />
              </lines>
            </method>
          </methods>
          <lines>
            <line number="3" hits="1" branch="False" />
            <line number="4" hits="1" branch="False" />
            <line number="5" hits="1" branch="False" />
            <line number="6" hits="1" branch="False" />
            <line number="7" hits="1" branch="False" />
          </lines>
        </class>
        <class name="srd5.Monsters" filename="ogl/Monsters.cs" line-rate="1" branch-rate="1" complexity="2">
          <methods>
            <method name="get_GiantBadger" signature="()" line-rate="1" branch-rate="1" complexity="1">
              <lines>
                <line number="13" hits="1" branch="False" />
                <line number="14" hits="1" branch="False" />
                <line number="15" hits="1" branch="False" />
                <line number="16" hits="1" branch="False" />
                <line number="17" hits="1" branch="False" />
                <line number="18" hits="1" branch="False" />
              </lines>
            </method>
            <method name="get_Ogre" signature="()" line-rate="1" branch-rate="1" complexity="1">
              <lines>
                <line number="22" hits="2" branch="False" />
                <line number="23" hits="2" branch="False" />
                <line number="24" hits="2" branch="False" />
                <line number="25" hits="2" branch="False" />
                <line number="26" hits="2" branch="False" />
                <line number="27" hits="2" branch="False" />
              </lines>
            </method>
          </methods>
          <lines>
            <line number="13" hits="1" branch="False" />
            <line number="14" hits="1" branch="False" />
            <line number="15" hits="1" branch="False" />
            <line number="16" hits="1" branch="False" />
            <line number="17" hits="1" branch="False" />
            <line number="18" hits="1" branch="False" />
            <line number="22" hits="2" branch="False" />
            <line number="23" hits="2" branch="False" />
            <line number="24" hits="2" branch="False" />
            <line number="25" hits="2" branch="False" />
            <line number="26" hits="2" branch="False" />
            <line number="27" hits="2" branch="False" />
          </lines>
        </class>
        <class name="srd5.Skills" filename="ogl/Skills.cs" line-rate="0" branch-rate="1" complexity="1">
          <methods>
            <method name=".cctor" signature="()" line-rate="0" branch-rate="1" complexity="1">
              <lines>
                <line number="23" hits="0" branch="False" />
                <line number="24" hits="0" branch="False" />
                <line number="25" hits="0" branch="False" />
                <line number="26" hits="0" branch="False" />
                <line number="27" hits="0" branch="False" />
                <line number="28" hits="0" branch="False" />
                <line number="29" hits="0" branch="False" />
                <line number="30" hits="0" branch="False" />
                <line number="31" hits="0" branch="False" />
                <line number="32" hits="0" branch="False" />
                <line number="33" hits="0" branch="False" />
                <line number="34" hits="0" branch="False" />
                <line number="35" hits="0" branch="False" />
                <line number="36" hits="0" branch="False" />
                <line number="37" hits="0" branch="False" />
                <line number="38" hits="0" branch="False" />
                <line number="39" hits="0" branch="False" />
                <line number="40" hits="0" branch="False" />
              </lines>
            </method>
          </methods>
          <lines>
            <line number="23" hits="0" branch="False" />
            <line number="24" hits="0" branch="False" />
            <line number="25" hits="0" branch="False" />
            <line number="26" hits="0" branch="False" />
            <line number="27" hits="0" branch="False" />
            <line number="28" hits="0" branch="False" />
            <line number="29" hits="0" branch="False" />
            <line number="30" hits="0" branch="False" />
            <line number="31" hits="0" branch="False" />
            <line number="32" hits="0" branch="False" />
            <line number="33" hits="0" branch="False" />
            <line number="34" hits="0" branch="False" />
            <line number="35" hits="0" branch="False" />
            <line number="36" hits="0" branch="False" />
            <line number="37" hits="0" branch="False" />
            <line number="38" hits="0" branch="False" />
            <line number="39" hits="0" branch="False" />
            <line number="40" hits="0" branch="False" />
          </lines>
        </class>
        <class name="srd5.Random" filename="Random.cs" line-rate="1" branch-rate="1" complexity="6">
          <methods>
            <method name="get_State" signature="()" line-rate="1" branch-rate="1" complexity="1">
              <lines>
                <line number="3" hits="4936" branch="False" />
              </lines>
            </method>
            <method name="xorshift32" signature="()" line-rate="1" branch-rate="1" complexity="1">
              <lines>
                <line number="5" hits="2464" branch="False" />
                <line number="7" hits="2464" branch="False" />
                <line number="8" hits="2464" branch="False" />
                <line number="9" hits="2464" branch="False" />
                <line number="10" hits="2464" branch="False" />
                <line number="11" hits="2464" branch="False" />
                <line number="12" hits="2464" branch="False" />
                <line number="13" hits="2464" branch="False" />
              </lines>
            </method>
            <method name="Get" signature="(System.Int32,System.Int32)" line-rate="1" branch-rate="1" complexity="4">
              <lines>
                <line number="15" hits="2466" branch="False" />
                <line number="16" hits="2467" branch="True" condition-coverage="100% (2/2)">
                  <conditions>
                    <condition number="7" type="jump" coverage="100%" />
                  </conditions>
                </line>
                <line number="17" hits="1" branch="False" />
                <line number="19" hits="2466" branch="True" condition-coverage="100% (2/2)">
                  <conditions>
                    <condition number="27" type="jump" coverage="100%" />
                  </conditions>
                </line>
                <line number="20" hits="1" branch="False" />
                <line number="22" hits="2464" branch="False" />
                <line number="23" hits="2464" branch="False" />
                <line number="24" hits="2464" branch="False" />
                <line number="25" hits="2464" branch="False" />
                <line number="26" hits="2464" branch="False" />
                <line number="27" hits="2464" branch="False" />
              </lines>
            </method>
          </methods>
          <lines>
            <line number="3" hits="4936" branch="False" />
            <line number="5" hits="2464" branch="False" />
            <line number="7" hits="2464" branch="False" />
            <line number="8" hits="2464" branch="False" />
            <line number="9" hits="2464" branch="False" />
            <line number="10" hits="2464" branch="False" />
            <line number="11" hits="2464" branch="False" />
            <line number="12" hits="2464" branch="False" />
            <line number="13" hits="2464" branch="False" />
            <line number="15" hits="2466" branch="False" />
            <line number="16" hits="2467" branch="True" condition-coverage="100% (2/2)">
              <conditions>
                <condition number="7" type="jump" coverage="100%" />
              </conditions>
            </line>
            <line number="17" hits="1" branch="False" />
            <line number="19" hits="2466" branch="True" condition-coverage="100% (2/2)">
              <conditions>
                <condition number="27" type="jump" coverage="100%" />
              </conditions>
            </line>
            <line number="20" hits="1" branch="False" />
            <line number="22" hits="2464" branch="False" />
            <line number="23" hits="2464" branch="False" />
            <line number="24" hits="2464" branch="False" />
            <line number="25" hits="2464" branch="False" />
            <line number="26" hits="2464" branch="False" />
            <line number="27" hits="2464" branch="False" />
          </lines>
        </class>
        <class name="srd5.Skill" filename="Skill.cs" line-rate="0" branch-rate="1" complexity="5">
          <methods>
            <method name="get_Type" signature="()" line-rate="0" branch-rate="1" complexity="1">
              <lines>
                <line number="6" hits="0" branch="False" />
              </lines>
            </method>
            <method name="set_Type" signature="(srd5.SkillType)" line-rate="0" branch-rate="1" complexity="1">
              <lines>
                <line number="7" hits="0" branch="False" />
              </lines>
            </method>
            <method name="get_Ability" signature="()" line-rate="0" branch-rate="1" complexity="1">
              <lines>
                <line number="11" hits="0" branch="False" />
              </lines>
            </method>
            <method name="set_Ability" signature="(srd5.AbilityType)" line-rate="0" branch-rate="1" complexity="1">
              <lines>
                <line number="12" hits="0" branch="False" />
              </lines>
            </method>
            <method name=".ctor" signature="(srd5.SkillType,srd5.AbilityType)" line-rate="0" branch-rate="1" complexity="1">
              <lines>
                <line number="15" hits="0" branch="False" />
                <line number="16" hits="0" branch="False" />
                <line number="17" hits="0" branch="False" />
                <line number="18" hits="0" branch="False" />
              </lines>
            </method>
          </methods>
          <lines>
            <line number="6" hits="0" branch="False" />
            <line number="7" hits="0" branch="False" />
            <line number="11" hits="0" branch="False" />
            <line number="12" hits="0" branch="False" />
            <line number="15" hits="0" branch="False" />
            <line number="16" hits="0" branch="False" />
            <line number="17" hits="0" branch="False" />
            <line number="18" hits="0" branch="False" />
          </lines>
        </class>
        <class name="srd5.Utils" filename="Utils.cs" line-rate="1" branch-rate="0.875" complexity="10">
          <methods>
            <method name="Push" signature="(T[]&amp;,T)" line-rate="1" branch-rate="1" complexity="1">
              <lines>
                <line number="10" hits="245" branch="False" />
                <line number="11" hits="245" branch="False" />
                <line number="12" hits="245" branch="False" />
                <line number="13" hits="245" branch="False" />
              </lines>
            </method>
            <method name="PushUnique" signature="(T[]&amp;,T)" line-rate="1" branch-rate="1" complexity="1">
              <lines>
                <line number="19" hits="97" branch="False" />
                <line number="20" hits="97" branch="False" />
                <line number="21" hits="97" branch="False" />
                <line number="22" hits="97" branch="False" />
                <line number="23" hits="97" branch="False" />
              </lines>
            </method>
            <method name="RemoveSingle" signature="(T[]&amp;,T)" line-rate="1" branch-rate="0.8332999999999999" complexity="6">
              <lines>
                <line number="30" hits="18" branch="False" />
                <line number="31" hits="18" branch="False" />
                <line number="32" hits="18" branch="True" condition-coverage="50% (1/2)">
                  <conditions>
                    <condition number="16" type="jump" coverage="50%" />
                  </conditions>
                </line>
                <line number="33" hits="48" branch="True" condition-coverage="100% (2/2)">
                  <conditions>
                    <condition number="63" type="jump" coverage="100%" />
                  </conditions>
                </line>
                <line number="34" hits="4" branch="False" />
                <line number="35" hits="4" branch="False" />
                <line number="36" hits="18" branch="False" />
                <line number="37" hits="35" branch="True" condition-coverage="100% (2/2)">
                  <conditions>
                    <condition number="93" type="jump" coverage="100%" />
                  </conditions>
                </line>
                <line number="38" hits="17" branch="False" />
                <line number="39" hits="1" branch="False" />
                <line number="40" hits="1" branch="False" />
                <line number="42" hits="18" branch="False" />
              </lines>
            </method>
            <method name="Expand" signature="(T,System.Int32)" line-rate="1" branch-rate="1" complexity="2">
              <lines>
                <line number="45" hits="32" branch="False" />
                <line number="46" hits="32" branch="False" />
                <line number="47" hits="182" branch="True" condition-coverage="100% (2/2)">
                  <conditions>
                    <condition number="30" type="jump" coverage="100%" />
                  </conditions>
                </line>
                <line number="48" hits="59" branch="False" />
                <line number="49" hits="32" branch="False" />
                <line number="50" hits="32" branch="False" />
              </lines>
            </method>
          </methods>
          <lines>
            <line number="10" hits="245" branch="False" />
            <line number="11" hits="245" branch="False" />
            <line number="12" hits="245" branch="False" />
            <line number="13" hits="245" branch="False" />
            <line number="19" hits="97" branch="False" />
            <line number="20" hits="97" branch="False" />
            <line number="21" hits="97" branch="False" />
            <line number="22" hits="97" branch="False" />
            <line number="23" hits="97" branch="False" />
            <line number="30" hits="18" branch="False" />
            <line number="31" hits="18" branch="False" />
            <line number="32" hits="18" branch="True" condition-coverage="50% (1/2)">
              <conditions>
                <condition number="16" type="jump" coverage="50%" />
              </conditions>
            </line>
            <line number="33" hits="48" branch="True" condition-coverage="100% (2/2)">
              <conditions>
                <condition number="63" type="jump" coverage="100%" />
              </conditions>
            </line>
            <line number="34" hits="4" branch="False" />
            <line number="35" hits="4" branch="False" />
            <line number="36" hits="18" branch="False" />
            <line number="37" hits="35" branch="True" condition-coverage="100% (2/2)">
              <conditions>
                <condition number="93" type="jump" coverage="100%" />
              </conditions>
            </line>
            <line number="38" hits="17" branch="False" />
            <line number="39" hits="1" branch="False" />
            <line number="40" hits="1" branch="False" />
            <line number="42" hits="18" branch="False" />
            <line number="45" hits="32" branch="False" />
            <line number="46" hits="32" branch="False" />
            <line number="47" hits="182" branch="True" condition-coverage="100% (2/2)">
              <conditions>
                <condition number="30" type="jump" coverage="100%" />
              </conditions>
            </line>
            <line number="48" hits="59" branch="False" />
            <line number="49" hits="32" branch="False" />
            <line number="50" hits="32" branch="False" />
          </lines>
        </class>
      </classes>
    </package>
  </packages>
</coverage>